[    0.000000] Initializig rop subsys cpuset
[    0.000000] Initializing cgroup subsys cpu
[    0.000000] Initializing cgroup subsys cpuacct
[    0.000000] Linux version 4.4.0-146-generic (buildd@lcy01-amd64-025) (gcc version 5.4.0 20160609 (Ubuntu 5.4.0-6ubuntu1~16.04.10) ) #172-Ubuntu SMP Wed Apr 3 09:00:08 UTC 2019 (Ubuntu 4.4.0-146.172-generic 4.4.177)
[    0.000000] Command line: BOOT_IMAGE=/boot/vmlinuz-4.4.0-146-generic root=UUID=2f3ad447-cc37-48da-a5e8-d7f16b7f0182 ro console=tty1 console=ttyS0
[    0.000000] KERNEL supported cpus:
[    0.000000]   Intel GenuineIntel
[    0.000000]   AMD AuthenticAMD
[    0.000000]   Centaur CentaurHauls
[    0.000000] x86/fpu: xstate_offset[2]:  576, xstate_sizes[2]:  256
[    0.000000] x86/fpu: Supporting XSAVE feature 0x01: 'x87 floating point registers'
[    0.000000] x86/fpu: Supporting XSAVE feature 0x02: 'SSE registers'
[    0.000000] x86/fpu: Supporting XSAVE feature 0x04: 'AVX registers'
[    0.000000] x86/fpu: Enabled xstate features 0x7, context size is 832 bytes, using 'standard' format.
[    0.000000] e820: BIOS-provided physical RAM map:
[    0.000000] BIOS-e820: [mem 0x0000000000000000-0x000000000009fbff] usable
[    0.000000] BIOS-e820: [mem 0x000000000009fc00-0x000000000009ffff] reserved
[    0.000000] BIOS-e820: [mem 0x00000000000f0000-0x00000000000fffff] reserved
[    0.000000] BIOS-e820: [mem 0x0000000000100000-0x000000003ffeffff] usable
[    0.000000] BIOS-e820: [mem 0x000000003fff0000-0x000000003fffffff] ACPI data
[    0.000000] BIOS-e820: [mem 0x00000000fec00000-0x00000000fec00fff] reserved
[    0.000000] BIOS-e820: [mem 0x00000000fee00000-0x00000000fee00fff] reserved
[    0.000000] BIOS-e820: [mem 0x00000000fffc0000-0x00000000ffffffff] reserved
[    0.000000] NX (Execute Disable) protection: active
[    0.000000] SMBIOS 2.5 present.
[    0.000000] Hypervisor detected: KVM
[    0.000000] e820: last_pfn = 0x3fff0 max_arch_pfn = 0x400000000
[    0.000000] MTRR: Disabled
[    0.000000] x86/PAT: MTRRs disabled, skipping PAT initialization too.
[    0.000000] CPU MTRRs all blank - virtualized system.
[    0.000000] x86/PAT: Configuration [0-7]: WB  WT  UC- UC  WB  WT  UC- UC  
[    0.000000] found SMP MP-table at [mem 0x0009fff0-0x0009ffff] mapped at [ffff88000009fff0]
[    0.000000] Scanning 1 areas for low memory corruption
[    0.000000] RAMDISK: [mem 0x361e6000-0x370eafff]
[    0.000000] ACPI: Early table checksum verification disabled
[    0.000000] ACPI: RSDP 0x00000000000E0000 000024 (v02 VBOX  )
[    0.000000] ACPI: XSDT 0x000000003FFF0030 00003C (v01 VBOX   VBOXXSDT 00000001 ASL  00000061)
[    0.000000] ACPI: FACP 0x000000003FFF00F0 0000F4 (v04 VBOX   VBOXFACP 00000001 ASL  00000061)
[    0.000000] ACPI: DSDT 0x000000003FFF0470 0021FF (v02 VBOX   VBOXBIOS 00000002 INTL 20180105)
[    0.000000] ACPI: FACS 0x000000003FFF0200 000040
[    0.000000] ACPI: FACS 0x000000003FFF0200 000040
[    0.000000] ACPI: APIC 0x000000003FFF0240 00005C (v02 VBOX   VBOXAPIC 00000001 ASL  00000061)
[    0.000000] ACPI: SSDT 0x000000003FFF02A0 0001CC (v01 VBOX   VBOXCPUT 00000002 INTL 20180105)
[    0.000000] No NUMA configuration found
[    0.000000] Faking a node at [mem 0x0000000000000000-0x000000003ffeffff]
[    0.000000] NODE_DATA(0) allocated [mem 0x3ffeb000-0x3ffeffff]
[    0.000000] kvm-clock: Using msrs 4b564d01 and 4b564d00
[    0.000000] kvm-clock: cpu 0, msr 0:3ffe3001, primary cpu clock
[    0.000000] kvm-clock: using sched offset of 3108672980 cycles
[    0.000000] clocksource: kvm-clock: mask: 0xffffffffffffffff max_cycles: 0x1cd42e4dffb, max_idle_ns: 881590591483 ns
[    0.000000] Zone ranges:
[    0.000000]   DMA      [mem 0x0000000000001000-0x0000000000ffffff]
[    0.000000]   DMA32    [mem 0x0000000001000000-0x000000003ffeffff]
[    0.000000]   Normal   empty
[    0.000000]   Device   empty
[    0.000000] Movable zone start for each node
[    0.000000] Early memory node ranges
[    0.000000]   node   0: [mem 0x0000000000001000-0x000000000009efff]
[    0.000000]   node   0: [mem 0x0000000000100000-0x000000003ffeffff]
[    0.000000] Initmem setup node 0 [mem 0x0000000000001000-0x000000003ffeffff]
[    0.000000] ACPI: PM-Timer IO Port: 0x4008
[    0.000000] IOAPIC[0]: apic_id 2, version 32, address 0xfec00000, GSI 0-23
[    0.000000] ACPI: INT_SRC_OVR (bus 0 bus_irq 0 global_irq 2 dfl dfl)
[    0.000000] ACPI: INT_SRC_OVR (bus 0 bus_irq 9 global_irq 9 low level)
[    0.000000] Using ACPI (MADT) for SMP configuration information
[    0.000000] smpboot: Allowing 2 CPUs, 0 hotplug CPUs
[    0.000000] PM: Registered nosave memory: [mem 0x00000000-0x00000fff]
[    0.000000] PM: Registered nosave memory: [mem 0x0009f000-0x0009ffff]
[    0.000000] PM: Registered nosave memory: [mem 0x000a0000-0x000effff]
[    0.000000] PM: Registered nosave memory: [mem 0x000f0000-0x000fffff]
[    0.000000] e820: [mem 0x40000000-0xfebfffff] available for PCI devices
[    0.000000] Booting paravirtualized kernel on KVM
[    0.000000] clocksource: refined-jiffies: mask: 0xffffffff max_cycles: 0xffffffff, max_idle_ns: 7645519600211568 ns
[    0.000000] setup_percpu: NR_CPUS:512 nr_cpumask_bits:512 nr_cpu_ids:2 nr_node_ids:1
[    0.000000] PERCPU: Embedded 34 pages/cpu @ffff88003fc00000 s99480 r8192 d31592 u1048576
[    0.000000] Built 1 zonelists in Node order, mobility grouping on.  Total pages: 257912
[    0.000000] Policy zone: DMA32
[    0.000000] Kernel command line: BOOT_IMAGE=/boot/vmlinu4.4.0-146-generic root=UUID=2f3ad447-cc37-48da-a5e8-d7f16b7f0182 ro console=tty1 console=ttyS0
[    0.000000] PID hash table entries: 4096 (order: 3, 32768 bytes)
[    0.000000] Memory: 997180K/1048120K available (8609K kernel code, 1334K rwdata, 4028K rodata, 1484K init, 1284K bss, 50940K reserved, 0K cma-reserved)
[    0.000000] SLUB: HWalign=64, Order=0-3, MinObjects=0, CPUs=2, Nodes=1
[    0.000000] Kernel/User page tables isolation: enabled
[    0.000000] Hierarchical RCU implementation.
[    0.000000] 	Build-time adjustment of leaf fanout to 64.
[    0.000000] 	RCU restricting CPUs from NR_CPUS=512 to nr_cpu_ids=2.
[    0.000000] RCU: Adjusting geometry for rcu_fanout_leaf=64, nr_cpu_ids=2
[   .0000] _IS:3024 _is:4416[    0000] Cso: olurGA80x25
[  000000] console tt] nabled
[  00000] consol [yS] enabed
[    0.000000] tsc: Detected 2207.998 MHz processor
[    0.924039] Calibrating delay loop (skipped) preset value.. 4415.99 BogoMIPS (lpj=8831992)
[    0.925253] pid_max: default: 32768 minimum: 301
[    0.925909] ACPI: Core revision 20150930
[    0.927249] ACPI: 2 ACPI AML tables successfully acquired and loaded
[    0.928193] Security Framework initialized
[    0.928792] Yama: becoming mindful.
[    0.929343] AppArmor: AppArmor initialized
[    0.930008] Dentry cache hash table entries: 131072 (order: 8, 1048576 bytes)
[    0.931362] Inode-cache hash table entries: 65536 (order: 7, 524288 bytes)
[    0.932318] Mount-cache hash table entries: 2048 (order: 2, 16384 bytes)
[    0.933166] Mountpoint-cache hash table entries: 2048 (order: 2, 16384 bytes)
[    0.934182] Initializing cgroup subsys io
[    0.934778] Initializing cgroup subsys memory
[    0.935407] Initializing cgroup subsys devices
[    0.936052] Initializing cgroup subsys freezer
[    0.936685] Initializing cgroup subsys net_cls
[    0.937318] Initializing cgroup subsys perf_event
[    0.937983] Initializing cgroup subsys net_prio
[    0.938626] Initializing cgroup subsys hugetlb
[    0.939258] Initializing cgroup subsys pids
[    0.941493] mce: CPU supports 0 MCE banks
[    0.942643] Last level iTLB entries: 4KB 64, 2MB 8, 4MB 8
[    0.944053] Last level dTLB entries: 4KB 64, 2MB 0, 4MB 0, 1GB 4
[    0.945557] Spectre V2 : Mitigation: Full generic retpoline
[    0.946336] Spectre V2 : Spectre v2 / SpectreRSB mitigation: Filling RSB on context switch
[    0.947529] Speculative Store Bypass: Vulnerable
[    0.950261] Freeing SMP alternatives memory: 36K
[    0.955187] ftrace: allocating 32287 entries in 127 pages
[    1.003030] smpboot: APIC(0) Converting physical 0 to logical package 0
[    1.003902] smpboot: Max logical packages: 1
[    1.004751] x2apic enabled
[    1.005410] Switched APIC routing to physical x2apic.
[    1.007030] ..TIMER: vector=0x30 apic1=0 pin1=2 apic2=-1 pin2=-1
[    1.115071] smpboot: CPU0: Intel(R) Core(TM) i5-7260U CPU @ 2.20GHz (family: 0x6, model: 0x8e, stepping: 0x9)
[    1.116557] Performance Events: unsupported p6 CPU model 142 no PMU driver, software events only.
[    1.126276] KVM setup paravirtual spinlock
[    1.127482] x86: Booting SMP configuration:
[    1.128098] .... node  #0, CPUs:      #1
[    1.128740] kvm-clock: cpu 1, msr 0:3ffe3041, secondary cpu clock
[    1.131023] mce: CPU supports 0 MCE banks
[    1.133457] x86: Booted up 1 node, 2 CPUs
[    1.134231] smpboot: Total of 2 processors activated (8831.99 BogoMIPS)
[    1.135358] devtmpfs: initialized
[    1.136993] evm: security.selinux
[    1.137520] evm: security.SMACK64
[    1.138049] evm: security.SMACK64EXEC
[    1.138608] evm: security.SMACK64TRANSMUTE
[    1.139214] evm: security.SMACK64MMAP
[    1.139774] evm: security.ima
[    1.140266] evm: security.capability
[    1.140936] clocksource: jiffies: mask: 0xffffffff max_cycles: 0xffffffff, max_idle_ns: 7645041785100000 ns
[    1.142255] futex hash table entries: 512 (order: 3, 32768 bytes)
[    1.143142] pinctrl core: initialized pinctrl subsystem
[    1.143938] RTC time:  7:11:23, date: 05/16/19
[    1.144709] NET: Registered protocol family 16
[    1.151148] cpuidle: using governor ladder
[    1.163174] cpuidle: using governor menu
[    1.163773] PCCT header not found.
[    1.164360] ACPI: bus type PCI registered
[    1.164962] acpiphp: ACPI Hot Plug PCI Controller Driver version: 0.5
[    1.165864] PCI: Using configuration type 1 for base access
[    1.179976] ACPI: Added _OSI(Module Device)
[    1.180622] ACPI: Added _OSI(Processor Device)
[    1.181261] ACPI: Added _OSI(3.0 _SCP Extensions)
[    1.181937] ACPI: Added _OSI(Processor Aggregator Device)
[    1.183248] ACPI: Executed 1 blocks of module-level executable AML code
[    1.185952] ACPI: Interpreter enabled
[    1.186547] ACPI: (supports S0 S5)
[    1.187088] ACPI: Using IOAPIC for interrupt routing
[    1.207207] PCI: Using host bridge windows from ACPI; if necessary, use "pci=nocrs" and report a bug
[    1.230560] ACPI: PCI Root Bridge [PCI0] (domain 0000 [bus 00-ff])
[    1.240069] acpi PNP0A03:00: _OSC: OS supports [ASPM ClockPM Segments MSI]
[    1.240951] acpi PNP0A03:00: _OSC: not requesting OS control; OS requires [ExtendedConfig ASPM ClockPM MSI]
[    1.242273] acpi PNP0A03:00: fail to add MMCONFIG information, can't access extended PCI configuration space under this bridge.
[    1.243938] PCI host bridge to bus 0000:00
[    1.244541] pci_bus 0000:00: root bus resource [io  0x0000-0x0cf7 window]
[    1.245392] pci_bus 0000:00: root bus resource [io  0x0d00-0xffff window]
[    1.246267] pci_bus 0000:00: root bus resource [mem 0x000a0000-0x000bffff window]
[    1.247475] pci_bus 0000:00: root bus resource [mem 0x40000000-0xfdffffff window]
[    1.436997] pci_bus 0000:00: root bus resource [bus 00-ff]
[    1.567892] pci 0000:00:01.1: legacy IDE quirk: reg 0x10: [io  0x01f0-0x01f7]
[    1.568949] pci 0000:00:01.1: legacy IDE quirk: reg 0x14: [io  0x03f6]
[    1.569915] pci 0000:00:01.1: legacy IDE quirk: reg 0x18: [io  0x0170-0x0177]
[    1.570938] pci 0000:00:01.1: legacy IDE quirk: reg 0x1c: [io  0x0376]
[    1.609289] pci 0000:00:07.0: quirk: [io  0x4000-0x403f] claimed by PIIX4 ACPI
[    1.652555] pci 0000:00:07.0: quirk: [io  0x4100-0x410f] claimed by PIIX4 SMB
[    1.667875] ACPI: PCI Interrupt Link [LNKA] (IRQs 5 9 10 *11)
[    1.818147] ACPI: PCI Interrupt Link [LNKB] (IRQs 5 9 *10 11)
[    1.973699] ACPI: PCI Interrupt Link [LNKC] (IRQs 5 *9 10 11)
[    2.129945] ACPI: PCI Interrupt Link [LNKD] (IRQs 5 9 10 *11)
[    2.228049] ACPI: Enabled 2 GPEs in block 00 to 07
[    2.234714] vgaarb: setting as boot device: PCI:0000:00:02.0
[    2.235687] vgaarb: device added: PCI:0000:00:02.0,decodes=io+mem,owns=io+mem,locks=none
[    2.237258] vgaarb: loaded
[    2.237916] vgaarb: bridge control possible 0000:00:02.0
[    2.239214] SCSI subsystem initialized
[    2.240184] ACPI: bus type USB registered
[    2.241038] usbcore: registered new interface driver usbfs
[    2.242072] usbcore: registered new interface driver hub
[    2.243095] usbcore: registered new device driver usb
[    2.244270] PCI: Using ACPI for IRQ routing
[    2.245421] NetLabel: Initializing
[    2.259676] NetLabel:  domain hash size = 128
[    2.277050] NetLabel:  protocols = UNLABELED CIPSOv4
[    2.278094] NetLabel:  unlabeled traffic allowed by default
[    2.278979] amd_nb: Cannot enumerate AMD northbridges
[    2.279725] clocksource: Switched to clocksource kvm-clock
[    2.285914] AppArmor: AppArmor Filesystem Enabled
[    2.294313] pnp: PnP ACPI init
[    2.295372] pnp: PnP ACPI: found 3 devices
[    2.303518] clocksource: acpi_pm: mask: 0xffffff max_cycles: 0xffffff, max_idle_ns: 2085701024 ns
[    2.304796] NET: Registered protocol family 2
[    2.305564] TCP established hash table entries: 8192 (order: 4, 65536 bytes)
[    2.306470] TCP bind hash table entries: 8192 (order: 5, 131072 bytes)
[    2.307312] TCP: Hash tables configured (established 8192 bind 8192)
[    2.308147] UDP hash table entries: 512 (order: 2, 16384 bytes)
[    2.308923] UDP-Lite hash table entries: 512 (order: 2, 16384 bytes)
[    2.309771] NET: Registered protocol family 1
[    2.310410] pci 0000:00:00.0: Limiting direct PCI/PCI transfers
[    2.311198] pci 0000:00:01.0: Activating ISA DMA hang workarounds
[    2.312095] Unpacking initramfs...
[    2.493258] Freeing initrd memory: 15380K
[    2.504474] platform rtc_cmos: registered platform RTC device (no PNP device found)
[    2.505806] Scanning for low memory corruption every 60 seconds
[    2.507046] audit: initializing netlink subsys (disabled)
[    2.507917] audit: type=2000 audit(1557990687.066:1): initialized
[    2.509104] Initialise system trusted keyring
[    2.510056] HugeTLB registered 2 MB page size, pre-allocated 0 pages
[    2.512081] zbud: loaded
[    2.512937] VFS: Disk quotas dquot_6.6.0
[    2.513647] VFS: Dquot-cache hash table entries: 512 (order 0, 4096 bytes)
[    2.514860] squashfs: version 4.0 (2009/01/31) Phillip Lougher
[    2.516018] fuse init (API version 7.23)
[    2.516794] Key type big_key registered
[    2.517473] Allocating IMA MOK and blacklist keyrings.
[    2.519178] Key type asymmetric registered
[    2.519880] Asymmetric key parser 'x509' registered
[    2.520719] Block layer SCSI generic (bsg) driver version 0.4 loaded (major 249)
[    2.522015] io scheduler noop registered
[    2.522699] io scheduler deadline registered (default)
[    2.523545] io scheduler cfq registered
[    2.524315] pci_hotplug: PCI Hot Plug PCI Core version: 0.5
[    2.525192] pciehp: PCI Express Hot Plug Controller Driver version: 0.4
[    2.526288] ACPI: AC Adapter [AC] (on-line)
[    2.527039] input: Power Button as /devices/LNXSYSTM:00/LNXPWRBN:00/input/input0
[    2.528302] ACPI: Power Button [PWRF]
[    2.528994] input: Sleep Button as /devices/LNXSYSTM:00/LNXSLPBN:00/input/input1
[    2.530253] ACPI: Sleep Button [SLPF]
[    2.531070] GHES: HEST is not enabled!
[    2.531807] Serial: 8250/16550 driver, 32 ports, IRQ sharing enabled
[    2.554105] 00:02: ttyS0 at I/O 0x3f8 (irq = 4, base_baud = 115200) is a 16550A
[    2.556218] Linux agpgart interface v0.103
[    2.558790] loop: module loaded
[    2.559907] scsi host0: ata_piix
[    2.560658] scsi host1: ata_piix
[    2.561281] ata1: PATA max UDMA/33 cmd 0x1f0 ctl 0x3f6 bmdma 0xd000 irq 14
[    2.562317] ata2: PATA max UDMA/33 cmd 0x170 ctl 0x376 bmdma 0xd008 irq 15
[    2.563653] libphy: Fixed MDIO Bus: probed
[    2.564377] tun: Universal TUN/TAP device driver, 1.6
[    2.565188] tun: (C) 1999-2004 Max Krasnyansky <maxk@qualcomm.com>
[    2.566171] PPP generic driver version 2.4.2
[    2.566940] ehci_hcd: USB 2.0 'Enhanced' Host Controller (EHCI) Driver
[    2.567934] ehci-pci: EHCI PCI platform driver
[    2.568699] ehci-platform: EHCI generic platform driver
[    2.569552] ohci_hcd: USB 1.1 'Open' Host Controller (OHCI) Driver
[    2.570499] ohci-pci: OHCI PCI platform driver
[    2.571246] ohci-platform: OHCI generic platform driver
[    2.572094] uhci_hcd: USB Universal Host Controller Interface driver
[    2.573136] i8042: PNP: PS/2 Controller [PNP0303:PS2K,PNP0f03:PS2M] at 0x60,0x64 irq 1,12
[    2.754710] serio: i8042 KBD port at 0x60,0x64 irq 1
[    2.755420] serio: i8042 AUX port at 0x60,0x64 irq 12
[    2.756231] mousedev: PS/2 mouse device common for all mice
[    2.757332] input: AT Translated Set 2 keyboard as /devices/platform/i8042/serio0/input/input2
[    2.758677] rtc_cmos rtc_cmos: rtc core: registered rtc_cmos as rtc0
[    2.759538] rtc_cmos rtc_cmos: alarms up to one day, 114 bytes nvram
[    2.760383] i2c /dev entries driver
[    2.760976] device-mapper: uevent: version 1.0.3
[    2.761683] device-mapper: ioctl: 4.34.0-ioctl (2015-10-28) initialised: dm-devel@redhat.com
[    2.762891] ledtrig-cpu: registered to indicate activity on CPUs
[    2.763993] NET: Registered protocol family 10
[    2.764804] NET: Registered protocol family 17
[    2.765456] Key type dns_resolver registered
[    2.766264] registered taskstats version 1
[    2.766884] Loading compiled-in X.509 certificates
[    2.768047] Loaded X.509 cert 'Build time autogenerated kernel key: 4dcb2dc2c7cf43e0c20c44384f68683c20294489'
[    2.769388] zswap: loaded using pool lzo/zbud
[    2.771432] Key type trusted registered
[    2.774420] Key type encrypted registered
[    2.775042] AppArmor: AppArmor sha1 policy hashing enabled
[    2.775785] ima: No TPM chip found, activating TPM-bypass!
[    2.776545] ima: Allocated hash algorithm: sha1
[    2.777202] evm: HMAC attrs: 0x1
[    2.777973]   Magic number: 3:552:167
[    2.778569] acpi PNP0000:00: hash matches
[    2.779213] rtc_cmos rtc_cmos: setting system clock to 2019-05-16 07:11:24 UTC (1557990684)
[    2.780502] BIOS EDD facility v0.16 2004-Jun-25, 0 devices found
[    2.781290] EDD information not available.
[    2.782844] Freeing unused kernel memory: 1484K
[    2.795799] Write protecting the kernel read-only data: 14336k
[    2.796946] Freeing unused kernel memory: 1620K
[    2.797725] Freeing unused kernel memory: 68K
Loading, please wait...
starting version 229
[    2.808311] random: systemd-udevd: uninitialized urandom read (16 bytes read, 3 bits of entropy available)
[    2.808967] random: udevadm: uninitialized urandom read (16 bytes read, 3 bits of entropy available)
[    2.808987] random: udevadm: uninitialized urandom read (16 bytes read, 3 bits of entropy available)
[    2.813789] random: systemd-udevd: uninitialized urandom read (16 bytes read, 3 bits of entropy available)
[    2.815632] random: systemd-udevd: uninitialized urandom read (16 bytes read, 3 bits of entropy available)
[    2.817462] random: systemd-udevd: uninitialized urandom read (16 bytes read, 3 bits of entropy available)
[    2.817695] random: udevadm: uninitialized urandom read (16 bytes read, 3 bits of entropy available)
[    2.817740] random: udevadm: uninitialized urandom read (16 bytes read, 3 bits of entropy available)
[    2.817886] random: udevadm: uninitialized urandom read (16 bytes read, 3 bits of entropy available)
[    2.817943] random: udevadm: uninitialized urandom read (16 bytes read, 3 bits of entropy available)
[    2.860796] e1000: Intel(R) PRO/1000 Network Driver - version 7.3.21-k8-NAPI
[    2.864654] e1000: Copyright (c) 1999-2006 Intel Corporation.
[    2.865609] Fusion MPT base driver 3.04.20
[    2.866289] Copyright (c) 1999-2008 LSI Corporation
[    2.880156] Fusion MPT SPI Host driver 3.04.20
[    2.884894] AVX2 version of gcm_enc/dec engaged.
[    2.885695] AES CTR mode by8 optimization enabled
[    3.069665] input: ImExPS/2 Generic Explorer Mouse as /devices/platform/i8042/serio1/input/input4
[    3.194654] e1000 0000:00:03.0 eth0: (PCI:33MHz:32-bit) 02:30:52:25:60:69
[    3.195711] e1000 0000:00:03.0 eth0: Intel(R) PRO/1000 Network Connection
[    3.503918] tsc: Refined TSC clocksource calibration: 2208.678 MHz
[    3.520916] clocksource: tsc: mask: 0xffffffffffffffff max_cycles: 0x1fd638d2ced, max_idle_ns: 440795300810 ns
[    3.530167] e1000 0000:00:08.0 eth1: (PCI:33MHz:32-bit) 08:00:27:34:6d:dd
[    3.531197] e1000 0000:00:08.0 eth1: Intel(R) PRO/1000 Network Connection
[    3.533339] e1000 0000:00:03.0 enp0s3: renamed from eth0
[    3.534572] mptbase: ioc0: Initiating bringup
[    3.543950] e1000 0000:00:08.0 enp0s8: renamed from eth1
[    3.596382] ioc0: LSI53C1030 A0: Capabilities={Initiator}
[    4.297211] scsi host2: ioc0: LSI53C1030 A0, FwRev=00000000h, Ports=1, MaxQ=256, IRQ=20
[    4.412418] scsi 2:0:0:0: Direct-Access     VBOX     HARDDISK         1.0  PQ: 0 ANSI: 5
[    4.440734] scsi target2:0:0: Beginning Domain Validation
[    4.441954] scsi target2:0:0: Domain Validation skipping write tests
[    4.442766] scsi target2:0:0: Ending Domain Validation
[    4.443494] scsi target2:0:0: asynchronous
[    4.444344] scsi 2:0:1:0: Direct-Access     VBOX     HARDDISK         1.0  PQ: 0 ANSI: 5
[    4.445509] scsi target2:0:1: Beginning Domain Validation
[    4.446678] scsi target2:0:1: Domain Validation skipping write tests
[    4.447492] scsi target2:0:1: Ending Domain Validation
[    4.456153] scsi target2:0:1: asynchronous
[    4.459903] sd 2:0:0:0: Attached scsi generic sg0 type 0
[    4.460669] sd 2:0:0:0: [sda] 20971520 512-byte logical blocks: (10.7 GB/10.0 GiB)
[    4.462182] sd 2:0:1:0: [sdb] 20480 512-byte logical blocks: (10.5 MB/10.0 MiB)
[    4.463304] sd 2:0:1:0: Attached scsi generic sg1 type 0
[    4.464076] sd 2:0:0:0: [sda] Write Protect is off
[    4.464192] sd 2:0:1:0: [sdb] Write Protect is off
[    4.464261] sd 2:0:1:0: [sdb] Incomplete mode parameter data
[    4.464262] sd 2:0:1:0: [sdb] Assuming drive cache: write through
[    4.467778] sd 2:0:0:0: [sda] Incomplete mode parameter data
[    4.468819] sd 2:0:0:0: [sda] Assuming drive cache: write through
[    4.468906] sd 2:0:1:0: [sdb] Attached SCSI disk
[    4.471320]  sda: sda1
[    4.472291] sd 2:0:0:0: [sda] Attached SCSI disk
Begin: Loading e[    5.758823] md: linear personality registered for level -1
ssential drivers[    5.823374] md: multipath personality registered for level -4
 ... [    5.835226] md: raid0 personality registered for level 0
[    5.838647] md: raid1 personality registered for level 1
[    5.907739] raid6: sse2x1   gen() 11869 MB/s
[    5.975740] raid6: sse2x1   xor()  8877 MB/s
[    6.043784] raid6: sse2x2   gen() 14595 MB/s
[    6.115782] raid6: sse2x2   xor() 10095 MB/s
[    6.219778] raid6: sse2x4   gen() 16196 MB/s
[    6.327774] raid6: sse2x4   xor() 11273 MB/s
[    6.431773] raid6: avx2x1   gen() 23708 MB/s
[    6.507757] raid6: avx2x2   gen() 24108 MB/s
[    6.579775] raid6: avx2x4   gen() 29362 MB/s
[    6.580524] raid6: using algorithm avx2x4 gen() 29362 MB/s
[    6.581365] raid6: using avx2x2 recovery algorithm
[    6.583126] xor: automatically using best checksumming function:
[    6.644622]    avx       : 64348.000 MB/sec
[    6.676106] async_tx: api initialized (async)
[    6.685579] md: raid6 personality registered for level 6
[    6.832323] md: raid5 personality registered for level 5
[    6.845115] md: raid4 personality registered for level 4
[    6.850553] md: raid10 personality registered for level 10
done.
Begin: Running /scripts/init-premount ... done.
Begin: Mounting root file system ... Begin: Running /scripts/local-top ... done.
Begin: Running /scripts/local-premount ... [    6.874832] Btrfs loaded
Scanning for Btrfs filesystems
done.
Warning: fsck no[    6.899133] EXT4-fs (sda1): INFO: recovery required on readonly filesystem
t present, so sk[    6.988127] EXT4-fs (sda1): write access will be enabled during recovery
ipping root file system
[    7.010694] EXT4-fs (sda1): orphan cleanup on readonly fs
[    7.016342] EXT4-fs (sda1): 6 orphan inodes deleted
[    7.022363] EXT4-fs (sda1): recovery complete
[    7.023418] EXT4-fs (sda1): mounted filesystem with ordered data mode. Opts: (null)
done.
Begin: Running /scripts/local-bottom ... done.
Begin: Running /scripts/init-bottom ... done.
[    7.162291] systemd[1]: systemd 229 running in system mode. (+PAM +AUDIT +SELINUX +IMA +APPARMOR +SMACK +SYSVINIT +UTMP +LIBCRYPTSETUP +GCRYPT +GNUTLS +ACL +XZ -LZ4 +SECCOMP +BLKID +ELFUTILS +KMOD -IDN)
[    7.166986] systemd[1]: Detected virtualization oracle.
[    7.168444] systemd[1]: Detected architecture x86-64.

Welcome to [1mUbuntu 16.04.6 LTS[0m!

[    7.175421] systemd[1]: Set hostname to <ubuntu-xenial>.
[    7.339293] systemd[1]: Listening on LVM2 poll daemon socket.
[[0;32m  OK  [0m] Listening on LVM2 poll daemon socket.
[    7.384744] systemd[1]: Reached target User and Group Name Lookups.
[[0;32m  OK  [0m] Reached target User and Group Name Lookups.
[    7.386418] systemd[1]: Listening on udev Kernel Socket.
[[0;32m  OK  [0m] Listening on udev Kernel Socket.
[    7.387925] systemd[1]: Listening on Journal Socket.
[[0;32m  OK  [0m] Listening on Journal Socket.
[    7.389380] systemd[1]: Listening on Journal Audit Socket.
[[0;32m  OK  [0m] Listening on Journal Audit Socket.
[    7.390881] systemd[1]: Reached target Encrypted Volumes.
[[0;32m  OK  [0m] Reached target Encrypted Volumes.
[    7.392619] systemd[1]: Created slice System Slice.
[[0;32m  OK  [0m] Created slice System Slice.
[    7.404007] systemd[1]: Starting Load Kernel Modules...
         Starting Load Kernel Modules...
[    7.407372] systemd[1]: Starting Uncomplicated firewall...
         Starting Uncomplicated firewall...
[    7.410698] systemd[1]: Starting Create list of required static device nodes for the current kernel...
         Starting Create list of required st... nodes for the current kernel...
[    7.414608] systemd[1]: Mounting POSIX Message Queue File System...
         Mounting POSIX Message Queue File System...
[    7.417259] systemd[1]: Starting Nameserver information manager...
         Starting Nameserver information manager...
[    7.419592] systemd[1]: Created slice User and Session Slice.
[[0;32m  OK  [[    7.421876] Loading iSCSI transport class v2.0-870.
0m] Created slice User and Session Slice.
[    7.424462] systemd[1]: Reached target Slices.
[[0;32m  OK  [0m] Reached target Slices.
[    7.425981] systemd[1]: Set up automount Arbitrary Executable File Formats File System Automount Point.
[[0;32m  OK  [0m] Set up automount Arbitrary Executab...ats File System Automount Point.
[    7.428908] systemd[1]: Mounting Debug File System...
         Mounting Debug File System...
[    7.437502] systemd[1]: Listening on Syslog Socket.
[[0;32m  OK  [0m] Listening on Syslog Socket.
[    7.438981] systemd[1]: Listening on Device-mapper event daemon FIFOs.
[    7.448909] iscsi: registered transport (tcp)
[[0;32m  OK  [0m] Listening on Device-mapper event daemon FIFOs.
[    7.451952] systemd[1]: Listening on /dev/initctl Compatibility Named Pipe.
[[0;32m  OK  [0m] Listening on /dev/initctl Compatibility Named Pipe.
[    7.453838] systemd[1]: Reached target Swap.
[[0;32m  OK  [0m] Reached target Swap.
[    7.464703] systemd[1]: Reached target System Time Synchronized.
[[0;32m  OK  [0m] Reached target System Time Synchronized.
[    7.466552] systemd[1]: Created slice system-serial\x2dgetty.slice.
[[0;32m  OK  [0m] Created slice system-serial\x2dgetty.slice.
[    7.479519] iscsi: registered transport (iser)
[    7.483876] systemd[1]: Starting Set console keymap...
         Starting Set console keymap...
[    7.485396] systemd[1]: Started Forward Password Requests to Wall Directory Watch.
[[0;32m  OK  [0m] Started Forward Password Requests to Wall Directory Watch.
[    7.487699] systemd[1]: Listening on Journal Socket (/dev/log).
[[0;32m  OK  [0m] Listening on Journal Socket (/dev/log).
[    7.489952] systemd[1]: Starting Remount Root and Kernel File Systems...
[    7.493744] EXT4-fs (sda1): re-mounted. Opts: (null)
         Starting Remount Root and Kernel File Systems...
[    7.502222] systemd[1]: Listening on LVM2 metadata daemon socket.
[[0;32m  OK  [0m] Listening on LVM2 metadata daemon socket.
[    7.504362] systemd[1]: Starting Monitoring of LVM2 mirrors, snapshots etc. using dmeventd or progress polling...
         Starting Monitoring of LVM2 mirrors... dmeventd or progress polling...
[    7.535246] systemd[1]: Started Trigger resolvconf update for networkd DNS.
[[0;32m  OK  [0m] Started Trigger resolvconf update for networkd DNS.
[    7.538060] systemd[1]: Starting Journal Service...
         Starting Journal Service...
[    7.544849] systemd[1]: Mounting Huge Pages File System...
         Mounting Huge Pages File System...
[    7.571931] systemd[1]: Listening on udev Control Socket.
[[0;32m  OK  [0m] Listening on udev Control Socket.
[   77.620456] systemd[1]: Mounted POSIX Message Queue File System.
[[0;32m  OK  [0m] Mounted POSIX Message Queue File System.
[    7.705754] systemd[1]: Mounted Debug File System.
[[0;32m  OK  [0m] Mounted Debug File System.
[    7.707074] systemd[1]: Mounted Huge Pages File System.
[[0;32m  OK  [0m] Mounted Huge Pages File System.
[    7.708538] systemd[1]: Started Journal Service.
[[0;32m  OK  [0m] Started Journal Service.
[[0;32m  OK  [0m] Started Load Kernel Modules.
[[0;32m  OK  [0m] Started Uncomplicated firewall.
[[0;32m  OK  [0m] Started Create list of required sta...ce nodes for the current kernel.
[[0;32m  OK  [0m] Started Set console keymap.
[[0;32m  OK  [0m] Started Remount Root and Kernel File Systems.
[[0;32m  OK  [0m] Started Nameserver information manager.
[[0;32m  OK  [0m] Started LVM2 metadata daemon.
         Startin[    7.845677] random: nonblocking pool is initialized
g udev Coldplug all Devices...
         Starting Load/Save Random Seed...
         Starting Create Static Device Nodes in /dev...
         Mounting FUSE Control File System...
         Starting Apply Kernel Variables...
         Starting Flush Journal to Persistent Storage...
[[0;32m  OK  [0m] Mounted FUSE Control File System.
[[0;32m  OK  [0m] Started Load/Save Random Seed.
[[0;32m  OK  [0m] Started Create Static Device Nodes in /dev.
[[0;32m  OK  [0m] Started Apply Kernel Variables.
[[0;32m  OK  [0m] Started udev Coldplug all Devices.
         Starting udev Kernel Device Manager...
[[0;32m  OK  [0m] Started Flush Journal to Persistent Storage.
[[0;32m  OK  [0m] Started udev Kernel Device Manager.
[[0;32m  OK  [0m] Started Dispatch Password Requests to Console Directory Watch.
[[0;32m  OK  [0m] Started Monitoring of LVM2 mirrors,...ng dmeventd or progress polling.
[[0;32m  OK  [0m] Found device /dev/ttyS0.
[[0;32m  OK  [0m] Listening on Load/Save RF Kill Switch Status /dev/rfkill Watch.
[[0;32m  OK  [0m] Reached target Local File Systems (Pre).
[[0;32m  OK  [0m] Reached target Local File Systems.
         Starting Create Volatile Files and Directories...
         Starting Initial cloud-init job (pre-networking)...
         Starting LSB: AppArmor initialization...
         Starting Set console font and keymap...
         Starting Tell Plymouth To Write Out Runtime Data...
[[0;32m  OK  [0m] Started Create Volatile Files and Directories.
[[0;32m  OK  [0m] Started Tell Plymouth To Write Out Runtime Data.
         Starting Update UTMP about System Boot/Shutdown...
[[0;32m  OK  [0m] Found device 82540EM Gigabit Ethern...r (PRO/1000 MT Desktop Adapter).
[[0;32m  OK  [0m] Started Update UTMP about System Boot/Shutdown.
[[0;32m  OK  [0m] Found device 82540EM Gigabit Ethern...r (PRO/1000 MT Desktop Adapter).
[[0;32m  OK  [0m] Started Set console font and keymap.
[[0;32m  OK  [0m] Created slice system-getty.slice.
[[0;32m  OK  [0m] Started LSB: AppArmor initialization.
[    7.387731] cloud-init[632]: Cloud-init v. 18.5-45-g3554ffe8-0ubuntu1~16.04.1 running 'init-local' at Thu, 16 May 2019 07:11:30 +0000. Up 7.19 seconds.
[[0;32m  OK  [0m] Started Initial cloud-init job (pre-networking).
[[0;32m  OK  [0m] Reached target Network (Pre).
[[0;32m  OK  [0m] Started ifup for enp0s3.
         Starting Raise network interfaces...
[[0;32m  OK  [0m] Started ifup for enp0s8.
[[0;32m  OK  [0m] Started Raise network interfaces.
[[0;32m  OK  [0m] Reached target Network.
         Starting Initial cloud-init job (metadata service crawler)...
[    7.999299] cloud-init[1070]: Cloud-init v. 18.5-45-g3554ffe8-0ubuntu1~16.04.1 running 'init' at Thu, 16 May 2019 07:11:31 +0000. Up 7.79 seconds.
[    8.010914] cloud-init[1070]: ci-info: ++++++++++++++++++++++++++++++++++++++Net device info+++++++++++++++++++++++++++++++++++++++
[    8.012607] cloud-init[1070]: ci-info: +--------+------+-----------------------------+---------------+--------+-------------------+
[    8.020708] cloud-init[1070]: ci-info: | Device |  Up  |           Address           |      Mask     | Scope  |     Hw-Address    |
[    8.022289] cloud-init[1070]: ci-info: +--------+------+-----------------------------+---------------+--------+-------------------+
[    8.023874] cloud-init[1070]: ci-info: | enp0s3 | True |          10.0.2.15          | 255.255.255.0 | global | 02:30:52:25:60:69 |
[    8.025527] cloud-init[1070]: ci-info: | enp0s3 | True |  fe80::30:52ff:fe25:6069/64 |       .       |  link  | 02:30:52:25:60:69 |
[    8.027198] cloud-init[1070]: ci-info: | enp0s8 | True |        192.168.33.10        | 255.255.255.0 | global | 08:00:27:34:6d:dd |
[    8.030486] cloud-init[1070]: ci-info: | enp0s8 | True | fe80::a00:27ff:fe34:6ddd/64 |       .       |  link  | 08:00:27:34:6d:dd |[[0;32m  OK  [0m] Started Initial cloud-init job (metadata service crawler).
[[0;32m  OK  [0m] Reached target System Initialization.
[[0;32m  OK  [0m] Listening on D-Bus System Message Bus Socket.

[    8.036145] [[0;32m  OK  [0m] Started ACPI Events Check.
[[0;32m  OK  [0m] Reached target Paths.
         Starting Socket activation for snappy daemon.
[[0;32m  OK  [0m] Listening on ACPID Listen Socket.
cloud-init[1070]: ci-info: |   lo   | True |          127.0.0.1          |   255.0.0.0   |  host  |         .         |
[    8.041189] [[0;32m  OK  [0m] Started Daily apt download activities.
[[0;32m  OK  [0m] Started Daily apt upgrade and clean activities.
[[0;32m  OK  [0m] Listening on UUID daemon activation socket.
[[0;32m  OK  [0m] Started Daily Cleanup of Temporary Directories.
[[0;32m  OK  [0m] Started Clean PHP session files every 30 mins.
[[0;32m  OK  [0m] Reached target Timers.
cloud-init[1070]: ci-info: |   lo   | True |           ::1/128           |       .       |  host  |         .         |
[    8.048659]          Starting LXD - unix socket.
[[0;32m  OK  [0m] Reached target Network is Online.
cloud-init[1070]: ci-info: +--------+------+-----------------------------+---------------+--------+-------------------+
[    8.050976] cloud-init[1070]: ci-info: ++++++++++++++++++++++++++++Route IPv4 info++++++++++++++++++++++++++++
[    8.052412] cloud-init[1070]: ci-info: +-------+--------------+----------+---------------+-----------+-------+
[    8.053806] cloud-init[1070]: ci-info: | Route | Destination  | Gateway  |    Genmask    | Interface | Flags |
[    8.055182] cloud-init[1070]: ci-info: +-------+--------------+----------+---------------+-----------+-------+
[    8.056576] cloud-init[1070]: ci-info: |   0   |   0.0.0.0    | 10.0.2.2 |    0.0.0.0    |   enp0s3  |   UG  |
[    8.057962] cloud-init[1070]: ci-info: |   1   |   10.0.2.0   | 0.0.0.0  | 255.255.255.0 |   enp0s3  |   U   |
[    8.059342] cloud-init[1070]: ci-info: |   2   | 192.168.33.0 | 0.0.0.0  | 255.255.255.0 |   enp0s8  |   U   |         Starting iSCSI initiator daemon (iscsid)...
[[0;32m  OK  [0m] Reached target Cloud-config availability.
[[0;32m  OK  [0m] Listening on Socket activation for snappy daemon.
[[0;32m  OK  [0m] Listening on LXD - unix socket.
[[0;32m  OK  [0m] Reached target Sockets.
[[0;32m  OK  [0m] Reached target Basic System.

[[0;32m  OK  [0m] Started Deferred execution scheduler.
         Starting Clean php session files...
         Starting /etc/rc.local Compatibility...
[    8.066864] cloud-init[1070]: ci-info: +-------+--------------+----------+---------------+-----------+-------+
[    8.076519] [[0;32m  OK  [0m] Started FUSE filesystem for LXC.
cloud-init[1070]:          Starting LSB: Record successful boot for GRUB...
         Starting OpenBSD Secure Shell server...
         Starting MySQL Community Server...
         Starting System Logging Service...
[[0;32m  OK  [0m] Started Unattended Upgrades Shutdown.
         Starting LSB: MD monitoring daemon...
[[0;32m  OK  [0m] Started Regular background program processing daemon.
         Starting LXD - container startup/shutdown...
ci-info: +++++++++++++++++++Route IPv6 info+++++++++++++++++++
[    8.113043] [[0;32m  OK  [0m] Started ACPI event daemon.
cloud-init[1070]: ci-info: +-------+-------------+---------+-----------+-------+
[[0;32m  OK  [0m] Started D-Bus System Message Bus.
[    8.115269] cloud-init[1070]: ci-info: | Route | Destination | Gateway | Interface | Flags |
[    8.120616] cloud-init[1070]: ci-info: +-------+-------------+---------+-----------+-------+
[    8.121970] cloud-init[1070]: ci-info: |   0   |  fe80::/64  |    ::   |   enp0s8  |   U   |
[    8.123211] cloud-init[1070]: ci-info: |   1   |  fe80::/64  |    ::   |   enp0s3  |   U   |
[    8.125010] cloud-init[1070]: ci-info: |   4   |   ff00::/8  |    ::   |   enp0s8  |   U   |
[    8.132392] cloud-init[1070]: ci-info: |   5   |   ff00::/8  |    ::   |   enp0s3  |   U   |
[    8.154396] cloud-init[1070]: ci-info: +-------+-------------+---------+-----------+-------+
         Starting Virtualbox guest utils...
         Starting Snappy daemon...
         Starting Accounts Service...
         Starting Login Service...
[[0;32m  OK  [0m] Started System Logging Service.
[[0;32m  OK  [0m] Started /etc/rc.local Compatibility.
[[0;32m  OK  [0m] Started OpenBSD Secure Shell server.
[[0;32m  OK  [0m] Started iSCSI initiator daemon (iscsid).
         Starting Login to default iSCSI targets...
[[0;32m  OK  [0m] Started LSB: Record successful boot for GRUB.
[[0;32m  OK  [0m] Started LSB: MD monitoring daemon.
[[0;32m  OK  [0m] Started Login Service.
         Starting Authenticate and Authorize Users to Run Privileged Tasks...
[[0;32m  OK  [0m] Started Virtualbox guest utils.
[[0;32m  OK  [0m] Started Authenticate and Authorize Users to Run Privileged Tasks.
[[0;32m  OK  [0m] Started LXD - container startup/shutdown.
[[0;32m  OK  [0m] Started Login to default iSCSI targets.
[[0;32m  OK  [0m] Started Accounts Service.
[[0;32m  OK  [0m] Reached target Remote File Systems (Pre).
[[0;32m  OK  [0m] Reached target Remote File Systems.
         Starting LSB: Set the CPU Frequency Scaling governor to "ondemand"...
         Starting LSB: Apache2 web server...
         Starting LSB: automatic crash report generation...
         Starting Permit User Sessions...
         Starting LSB: daemon to balance interrupts for SMP systems...
[[0;32m  OK  [0m] Started Clean php session files.
[[0;32m  OK  [0m] Started Permit User Sessions.
         Starting Terminate Plymouth Boot Screen...
         Starting Hold until boot process finishes up...
[[0;32m  OK  [0m] Started Hold until boot process finishes up.
[[0;32m  OK  [0m] Started LSB: Set the CPU Frequency Scaling governor to "ondemand".
[[0;32m  OK  [0m] Started LSB: daemon to balance interrupts for SMP systems.
[[0;32m  OK  [0m] Started Terminate Plymouth Boot Screen.
[[0;32m  OK  [0m] Started Snappy daemon.
[[0;32m  OK  [0m] Started LSB: automatic crash report generation.
         Starting Wait until snapd is fully seeded...
         Starting Set console scheme...
[[0;32m  OK  [0m] Started Getty on tty1.
[[0;32m  OK  [0m] Started Serial Getty on ttyS0.
[[0;32m  OK  [0m] Reached target Login Prompts.
[[0;32m  OK  [0m] Started Wait until snapd is fully seeded.
[[0;32m  OK  [0m] Started Set console scheme.
         Starting Apply the settings specified in cloud-config...
[    9.053483] cloud-init[1398]: Cloud-init v. 18.5-45-g3554ffe8-0ubuntu1~16.04.1 running 'modules:config' at Thu, 16 May 2019 07:11:32 +0000. Up 8.87 seconds.
[[0;32m  OK  [0m] Started Apply the settings specified in cloud-config.
[[0;32m  OK  [0m] Started MySQL Community Server.
[[0;32m  OK  [0m] Started LSB: Apache2 web server.
[[0;32m  OK  [0m] Reached target Multi-User System.
         Starting Execute cloud user/final scripts...
[[0;32m  OK  [0m] Reached target Graphical Interface.
         Starting Update UTMP about System Runlevel Changes...
[[0;32m  OK  [0m] Started Update UTMP about System Runlevel Changes.
[   10.072673] cloud-init[1454]: Cloud-init v. 18.5-45-g3554ffe8-0ubuntu1~16.04.1 running 'modules:final' at Thu, 16 May 2019 07:11:33 +0000. Up 9.99 seconds.
[   10.099119] cloud-init[1454]: Cloud-init v. 18.5-45-g3554ffe8-0ubuntu1~16.04.1 finished at Thu, 16 May 2019 07:11:33 +0000. Datasource DataSourceNoCloud [seed=/dev/sdb][dsmode=net].  Up 10.06 seconds
[[0;32m  OK  [0m] Started Execute cloud user/final scripts.
         Starting Daily apt download activities...
[[0;32m  OK  [0m] Reached target Cloud-init target.
[[0;32m  OK  [0m] Created slice User Slice of vagrant.
         Starting User Manager for UID 1000...
[[0;32m  OK  [0m] Started User Manager for UID 1000.
[[0;32m  OK  [0m] Started Session 1 of user vagrant.

Ubuntu 16.04.6 LTS ubuntu-xenial ttyS0

ubuntu-xenial login: 